This is pdfTeX, Version 3.14159265-2.6-1.40.19 (TeX Live 2019/dev/Debian) (preloaded format=pdflatex 2019.8.16)  24 JUN 2020 18:33
entering extended mode
 restricted \write18 enabled.
 %&-line parsing enabled.
**trajeR_vignette.tex
(./trajeR_vignette.tex
LaTeX2e <2018-12-01>
(/usr/share/texlive/texmf-dist/tex/latex/base/article.cls
Document Class: article 2018/09/03 v1.4i Standard LaTeX document class
(/usr/share/texlive/texmf-dist/tex/latex/base/size10.clo
File: size10.clo 2018/09/03 v1.4i Standard LaTeX file (size option)
)
\c@part=\count80
\c@section=\count81
\c@subsection=\count82
\c@subsubsection=\count83
\c@paragraph=\count84
\c@subparagraph=\count85
\c@figure=\count86
\c@table=\count87
\abovecaptionskip=\skip41
\belowcaptionskip=\skip42
\bibindent=\dimen102
)
(/usr/share/texlive/texmf-dist/tex/latex/graphics/graphicx.sty
Package: graphicx 2017/06/01 v1.1a Enhanced LaTeX Graphics (DPC,SPQR)

(/usr/share/texlive/texmf-dist/tex/latex/graphics/keyval.sty
Package: keyval 2014/10/28 v1.15 key=value parser (DPC)
\KV@toks@=\toks14
)
(/usr/share/texlive/texmf-dist/tex/latex/graphics/graphics.sty
Package: graphics 2017/06/25 v1.2c Standard LaTeX Graphics (DPC,SPQR)

(/usr/share/texlive/texmf-dist/tex/latex/graphics/trig.sty
Package: trig 2016/01/03 v1.10 sin cos tan (DPC)
)
(/usr/share/texlive/texmf-dist/tex/latex/graphics-cfg/graphics.cfg
File: graphics.cfg 2016/06/04 v1.11 sample graphics configuration
)
Package graphics Info: Driver file: pdftex.def on input line 99.

(/usr/share/texlive/texmf-dist/tex/latex/graphics-def/pdftex.def
File: pdftex.def 2018/01/08 v1.0l Graphics/color driver for pdftex
))
\Gin@req@height=\dimen103
\Gin@req@width=\dimen104
)
(/usr/share/texlive/texmf-dist/tex/latex/graphics/color.sty
Package: color 2016/07/10 v1.1e Standard LaTeX Color (DPC)

(/usr/share/texlive/texmf-dist/tex/latex/graphics-cfg/color.cfg
File: color.cfg 2016/01/02 v1.6 sample color configuration
)
Package color Info: Driver file: pdftex.def on input line 147.
)
(/usr/share/texlive/texmf-dist/tex/latex/framed/framed.sty
Package: framed 2011/10/22 v 0.96: framed or shaded text with page breaks
\OuterFrameSep=\skip43
\fb@frw=\dimen105
\fb@frh=\dimen106
\FrameRule=\dimen107
\FrameSep=\dimen108
)
(/usr/share/texlive/texmf-dist/tex/latex/base/alltt.sty
Package: alltt 1997/06/16 v2.0g defines alltt environment
)
(/usr/share/texlive/texmf-dist/tex/latex/booktabs/booktabs.sty
Package: booktabs 2016/04/27 v1.618033 publication quality tables
\heavyrulewidth=\dimen109
\lightrulewidth=\dimen110
\cmidrulewidth=\dimen111
\belowrulesep=\dimen112
\belowbottomsep=\dimen113
\aboverulesep=\dimen114
\abovetopsep=\dimen115
\cmidrulesep=\dimen116
\cmidrulekern=\dimen117
\defaultaddspace=\dimen118
\@cmidla=\count88
\@cmidlb=\count89
\@aboverulesep=\dimen119
\@belowrulesep=\dimen120
\@thisruleclass=\count90
\@lastruleclass=\count91
\@thisrulewidth=\dimen121
)
(/usr/share/texlive/texmf-dist/tex/latex/tools/longtable.sty
Package: longtable 2014/10/28 v4.11 Multi-page Table package (DPC)+ FMi change
\LTleft=\skip44
\LTright=\skip45
\LTpre=\skip46
\LTpost=\skip47
\LTchunksize=\count92
\LTcapwidth=\dimen122
\LT@head=\box27
\LT@firsthead=\box28
\LT@foot=\box29
\LT@lastfoot=\box30
\LT@cols=\count93
\LT@rows=\count94
\c@LT@tables=\count95
\c@LT@chunks=\count96
\LT@p@ftn=\toks15
)
(/usr/share/texlive/texmf-dist/tex/latex/tools/array.sty
Package: array 2018/12/30 v2.4k Tabular extension package (FMi)
\col@sep=\dimen123
\ar@mcellbox=\box31
\extrarowheight=\dimen124
\NC@list=\toks16
\extratabsurround=\skip48
\backup@length=\skip49
\ar@cellbox=\box32
)
(/usr/share/texlive/texmf-dist/tex/latex/multirow/multirow.sty
Package: multirow 2019/01/01 v2.4 Span multiple rows of a table
\multirow@colwidth=\skip50
\multirow@cntb=\count97
\multirow@dima=\skip51
\bigstrutjot=\dimen125
)
(/usr/share/texlive/texmf-dist/tex/latex/wrapfig/wrapfig.sty
\wrapoverhang=\dimen126
\WF@size=\dimen127
\c@WF@wrappedlines=\count98
\WF@box=\box33
\WF@everypar=\toks17
Package: wrapfig 2003/01/31  v 3.6
)
(/usr/share/texlive/texmf-dist/tex/latex/float/float.sty
Package: float 2001/11/08 v1.3d Float enhancements (AL)
\c@float@type=\count99
\float@exts=\toks18
\float@box=\box34
\@float@everytoks=\toks19
\@floatcapt=\box35
)
(/usr/share/texlive/texmf-dist/tex/latex/colortbl/colortbl.sty
Package: colortbl 2018/12/12 v1.0d Color table columns (DPC)
\everycr=\toks20
\minrowclearance=\skip52
)
(/usr/share/texlive/texmf-dist/tex/latex/oberdiek/pdflscape.sty
Package: pdflscape 2016/05/14 v0.11 Display of landscape pages in PDF (HO)

(/usr/share/texlive/texmf-dist/tex/latex/graphics/lscape.sty
Package: lscape 2000/10/22 v3.01 Landscape Pages (DPC)
)
(/usr/share/texlive/texmf-dist/tex/generic/oberdiek/ifpdf.sty
Package: ifpdf 2018/09/07 v3.3 Provides the ifpdf switch
)
Package pdflscape Info: Auto-detected driver: pdftex on input line 81.

(/usr/share/texlive/texmf-dist/tex/generic/ifxetex/ifxetex.sty
Package: ifxetex 2010/09/12 v0.6 Provides ifxetex conditional
))
(/usr/share/texlive/texmf-dist/tex/latex/tabu/tabu.sty
Package: tabu 2019/01/11 v2.9 - flexible LaTeX tabulars (FC+tabu-fixed)

(/usr/share/texlive/texmf-dist/tex/latex/varwidth/varwidth.sty
Package: varwidth 2009/03/30 ver 0.92;  Variable-width minipages
\@vwid@box=\box36
\sift@deathcycles=\count100
\@vwid@loff=\dimen128
\@vwid@roff=\dimen129
)
\c@taburow=\count101
\tabu@nbcols=\count102
\tabu@cnt=\count103
\tabu@Xcol=\count104
\tabu@alloc=\count105
\tabu@nested=\count106
\tabu@target=\dimen130
\tabu@spreadtarget=\dimen131
\tabu@naturalX=\dimen132
\tabucolX=\dimen133
\tabu@Xsum=\dimen134
\extrarowdepth=\dimen135
\abovetabulinesep=\dimen136
\belowtabulinesep=\dimen137
\tabustrutrule=\dimen138
\tabu@thebody=\toks21
\tabu@footnotes=\toks22
\tabu@box=\box37
\tabu@arstrutbox=\box38
\tabu@hleads=\box39
\tabu@vleads=\box40
\tabu@cellskip=\skip53
)
(/usr/share/texlive/texmf-dist/tex/latex/threeparttable/threeparttable.sty
Package: threeparttable 2003/06/13  v 3.0
\@tempboxb=\box41
)
(/usr/share/texlive/texmf-dist/tex/latex/threeparttablex/threeparttablex.sty
Package: threeparttablex 2013/07/23 v0.3 by daleif

(/usr/share/texlive/texmf-dist/tex/latex/environ/environ.sty
Package: environ 2014/05/04 v0.3 A new way to define environments

(/usr/share/texlive/texmf-dist/tex/latex/trimspaces/trimspaces.sty
Package: trimspaces 2009/09/17 v1.1 Trim spaces around a token list
)
\@envbody=\toks23
)
\TPTL@width=\skip54
)
(/usr/share/texlive/texmf-dist/tex/generic/ulem/ulem.sty
\UL@box=\box42
\UL@hyphenbox=\box43
\UL@skip=\skip55
\UL@hook=\toks24
\UL@height=\dimen139
\UL@pe=\count107
\UL@pixel=\dimen140
\ULC@box=\box44
Package: ulem 2012/05/18
\ULdepth=\dimen141
)
(/usr/share/texlive/texmf-dist/tex/latex/makecell/makecell.sty
Package: makecell 2009/08/03 V0.1e Managing of Tab Column Heads and Cells
\rotheadsize=\dimen142
\c@nlinenum=\count108
\TeXr@lab=\toks25
)
(/usr/share/texlive/texmf-dist/tex/latex/url/url.sty
\Urlmuskip=\muskip10
Package: url 2013/09/16  ver 3.4  Verb mode for urls, etc.
)
(/usr/share/texlive/texmf-dist/tex/latex/amsmath/amsmath.sty
Package: amsmath 2018/12/01 v2.17b AMS math features
\@mathmargin=\skip56

For additional information on amsmath, use the `?' option.
(/usr/share/texlive/texmf-dist/tex/latex/amsmath/amstext.sty
Package: amstext 2000/06/29 v2.01 AMS text

(/usr/share/texlive/texmf-dist/tex/latex/amsmath/amsgen.sty
File: amsgen.sty 1999/11/30 v2.0 generic functions
\@emptytoks=\toks26
\ex@=\dimen143
))
(/usr/share/texlive/texmf-dist/tex/latex/amsmath/amsbsy.sty
Package: amsbsy 1999/11/29 v1.2d Bold Symbols
\pmbraise@=\dimen144
)
(/usr/share/texlive/texmf-dist/tex/latex/amsmath/amsopn.sty
Package: amsopn 2016/03/08 v2.02 operator names
)
\inf@bad=\count109
LaTeX Info: Redefining \frac on input line 223.
\uproot@=\count110
\leftroot@=\count111
LaTeX Info: Redefining \overline on input line 385.
\classnum@=\count112
\DOTSCASE@=\count113
LaTeX Info: Redefining \ldots on input line 482.
LaTeX Info: Redefining \dots on input line 485.
LaTeX Info: Redefining \cdots on input line 606.
\Mathstrutbox@=\box45
\strutbox@=\box46
\big@size=\dimen145
LaTeX Font Info:    Redeclaring font encoding OML on input line 729.
LaTeX Font Info:    Redeclaring font encoding OMS on input line 730.
\macc@depth=\count114
\c@MaxMatrixCols=\count115
\dotsspace@=\muskip11
\c@parentequation=\count116
\dspbrk@lvl=\count117
\tag@help=\toks27
\row@=\count118
\column@=\count119
\maxfields@=\count120
\andhelp@=\toks28
\eqnshift@=\dimen146
\alignsep@=\dimen147
\tagshift@=\dimen148
\tagwidth@=\dimen149
\totwidth@=\dimen150
\lineht@=\dimen151
\@envbody=\toks29
\multlinegap=\skip57
\multlinetaggap=\skip58
\mathdisplay@stack=\toks30
LaTeX Info: Redefining \[ on input line 2844.
LaTeX Info: Redefining \] on input line 2845.
)
(/usr/share/texlive/texmf-dist/tex/latex/footmisc/footmisc.sty
Package: footmisc 2011/06/06 v5.5b a miscellany of footnote facilities
\FN@temptoken=\toks31
\footnotemargin=\dimen152
\c@pp@next@reset=\count121
Package footmisc Info: Declaring symbol style bringhurst on input line 855.
Package footmisc Info: Declaring symbol style chicago on input line 863.
Package footmisc Info: Declaring symbol style wiley on input line 872.
Package footmisc Info: Declaring symbol style lamport-robust on input line 883.

Package footmisc Info: Declaring symbol style lamport* on input line 903.
Package footmisc Info: Declaring symbol style lamport*-robust on input line 924
.
)
(/usr/share/R/share/texmf/tex/latex/Rd.sty
Package: Rd 

(/usr/share/texlive/texmf-dist/tex/latex/base/ifthen.sty
Package: ifthen 2014/09/29 v1.1c Standard LaTeX ifthen package (DPC)
)
(/usr/share/texlive/texmf-dist/tex/latex/tools/bm.sty
Package: bm 2017/01/16 v1.2c Bold Symbol Support (DPC/FMi)
\symboldoperators=\mathgroup4
\symboldletters=\mathgroup5
\symboldsymbols=\mathgroup6
LaTeX Font Info:    Redeclaring math alphabet \mathbf on input line 141.
LaTeX Info: Redefining \bm on input line 207.
)
(/usr/share/texlive/texmf-dist/tex/latex/tools/verbatim.sty
Package: verbatim 2014/10/28 v1.5q LaTeX2e package for verbatim enhancements
\every@verbatim=\toks32
\verbatim@line=\toks33
\verbatim@in@stream=\read1
)
(/usr/share/texlive/texmf-dist/tex/latex/base/textcomp.sty
Package: textcomp 2018/08/11 v2.0j Standard LaTeX package
Package textcomp Info: Sub-encoding information:
(textcomp)               5 = only ISO-Adobe without \textcurrency
(textcomp)               4 = 5 + \texteuro
(textcomp)               3 = 4 + \textohm
(textcomp)               2 = 3 + \textestimated + \textcurrency
(textcomp)               1 = TS1 - \textcircled - \t
(textcomp)               0 = TS1 (full)
(textcomp)             Font families with sub-encoding setting implement
(textcomp)             only a restricted character set as indicated.
(textcomp)             Family '?' is the default used for unknown fonts.
(textcomp)             See the documentation for details.
Package textcomp Info: Setting ? sub-encoding to TS1/1 on input line 79.

(/usr/share/texlive/texmf-dist/tex/latex/base/ts1enc.def
File: ts1enc.def 2001/06/05 v3.0e (jk/car/fm) Standard LaTeX file
Now handling font encoding TS1 ...
... processing UTF-8 mapping file for font encoding TS1

(/usr/share/texlive/texmf-dist/tex/latex/base/ts1enc.dfu
File: ts1enc.dfu 2018/10/05 v1.2f UTF-8 support for inputenc
   defining Unicode char U+00A2 (decimal 162)
   defining Unicode char U+00A3 (decimal 163)
   defining Unicode char U+00A4 (decimal 164)
   defining Unicode char U+00A5 (decimal 165)
   defining Unicode char U+00A6 (decimal 166)
   defining Unicode char U+00A7 (decimal 167)
   defining Unicode char U+00A8 (decimal 168)
   defining Unicode char U+00A9 (decimal 169)
   defining Unicode char U+00AA (decimal 170)
   defining Unicode char U+00AC (decimal 172)
   defining Unicode char U+00AE (decimal 174)
   defining Unicode char U+00AF (decimal 175)
   defining Unicode char U+00B0 (decimal 176)
   defining Unicode char U+00B1 (decimal 177)
   defining Unicode char U+00B2 (decimal 178)
   defining Unicode char U+00B3 (decimal 179)
   defining Unicode char U+00B4 (decimal 180)
   defining Unicode char U+00B5 (decimal 181)
   defining Unicode char U+00B6 (decimal 182)
   defining Unicode char U+00B7 (decimal 183)
   defining Unicode char U+00B9 (decimal 185)
   defining Unicode char U+00BA (decimal 186)
   defining Unicode char U+00BC (decimal 188)
   defining Unicode char U+00BD (decimal 189)
   defining Unicode char U+00BE (decimal 190)
   defining Unicode char U+00D7 (decimal 215)
   defining Unicode char U+00F7 (decimal 247)
   defining Unicode char U+0192 (decimal 402)
   defining Unicode char U+02C7 (decimal 711)
   defining Unicode char U+02D8 (decimal 728)
   defining Unicode char U+02DD (decimal 733)
   defining Unicode char U+0E3F (decimal 3647)
   defining Unicode char U+2016 (decimal 8214)
   defining Unicode char U+2020 (decimal 8224)
   defining Unicode char U+2021 (decimal 8225)
   defining Unicode char U+2022 (decimal 8226)
   defining Unicode char U+2030 (decimal 8240)
   defining Unicode char U+2031 (decimal 8241)
   defining Unicode char U+203B (decimal 8251)
   defining Unicode char U+203D (decimal 8253)
   defining Unicode char U+2044 (decimal 8260)
   defining Unicode char U+204E (decimal 8270)
   defining Unicode char U+2052 (decimal 8274)
   defining Unicode char U+20A1 (decimal 8353)
   defining Unicode char U+20A4 (decimal 8356)
   defining Unicode char U+20A6 (decimal 8358)
   defining Unicode char U+20A9 (decimal 8361)
   defining Unicode char U+20AB (decimal 8363)
   defining Unicode char U+20AC (decimal 8364)
   defining Unicode char U+20B1 (decimal 8369)
   defining Unicode char U+2103 (decimal 8451)
   defining Unicode char U+2116 (decimal 8470)
   defining Unicode char U+2117 (decimal 8471)
   defining Unicode char U+211E (decimal 8478)
   defining Unicode char U+2120 (decimal 8480)
   defining Unicode char U+2122 (decimal 8482)
   defining Unicode char U+2126 (decimal 8486)
   defining Unicode char U+2127 (decimal 8487)
   defining Unicode char U+212E (decimal 8494)
   defining Unicode char U+2190 (decimal 8592)
   defining Unicode char U+2191 (decimal 8593)
   defining Unicode char U+2192 (decimal 8594)
   defining Unicode char U+2193 (decimal 8595)
   defining Unicode char U+2329 (decimal 9001)
   defining Unicode char U+232A (decimal 9002)
   defining Unicode char U+2422 (decimal 9250)
   defining Unicode char U+25E6 (decimal 9702)
   defining Unicode char U+25EF (decimal 9711)
   defining Unicode char U+266A (decimal 9834)
   defining Unicode char U+FEFF (decimal 65279)
))
LaTeX Info: Redefining \oldstylenums on input line 334.
Package textcomp Info: Setting cmr sub-encoding to TS1/0 on input line 349.
Package textcomp Info: Setting cmss sub-encoding to TS1/0 on input line 350.
Package textcomp Info: Setting cmtt sub-encoding to TS1/0 on input line 351.
Package textcomp Info: Setting cmvtt sub-encoding to TS1/0 on input line 352.
Package textcomp Info: Setting cmbr sub-encoding to TS1/0 on input line 353.
Package textcomp Info: Setting cmtl sub-encoding to TS1/0 on input line 354.
Package textcomp Info: Setting ccr sub-encoding to TS1/0 on input line 355.
Package textcomp Info: Setting ptm sub-encoding to TS1/4 on input line 356.
Package textcomp Info: Setting pcr sub-encoding to TS1/4 on input line 357.
Package textcomp Info: Setting phv sub-encoding to TS1/4 on input line 358.
Package textcomp Info: Setting ppl sub-encoding to TS1/3 on input line 359.
Package textcomp Info: Setting pag sub-encoding to TS1/4 on input line 360.
Package textcomp Info: Setting pbk sub-encoding to TS1/4 on input line 361.
Package textcomp Info: Setting pnc sub-encoding to TS1/4 on input line 362.
Package textcomp Info: Setting pzc sub-encoding to TS1/4 on input line 363.
Package textcomp Info: Setting bch sub-encoding to TS1/4 on input line 364.
Package textcomp Info: Setting put sub-encoding to TS1/5 on input line 365.
Package textcomp Info: Setting uag sub-encoding to TS1/5 on input line 366.
Package textcomp Info: Setting ugq sub-encoding to TS1/5 on input line 367.
Package textcomp Info: Setting ul8 sub-encoding to TS1/4 on input line 368.
Package textcomp Info: Setting ul9 sub-encoding to TS1/4 on input line 369.
Package textcomp Info: Setting augie sub-encoding to TS1/5 on input line 370.
Package textcomp Info: Setting dayrom sub-encoding to TS1/3 on input line 371.
Package textcomp Info: Setting dayroms sub-encoding to TS1/3 on input line 372.

Package textcomp Info: Setting pxr sub-encoding to TS1/0 on input line 373.
Package textcomp Info: Setting pxss sub-encoding to TS1/0 on input line 374.
Package textcomp Info: Setting pxtt sub-encoding to TS1/0 on input line 375.
Package textcomp Info: Setting txr sub-encoding to TS1/0 on input line 376.
Package textcomp Info: Setting txss sub-encoding to TS1/0 on input line 377.
Package textcomp Info: Setting txtt sub-encoding to TS1/0 on input line 378.
Package textcomp Info: Setting lmr sub-encoding to TS1/0 on input line 379.
Package textcomp Info: Setting lmdh sub-encoding to TS1/0 on input line 380.
Package textcomp Info: Setting lmss sub-encoding to TS1/0 on input line 381.
Package textcomp Info: Setting lmssq sub-encoding to TS1/0 on input line 382.
Package textcomp Info: Setting lmvtt sub-encoding to TS1/0 on input line 383.
Package textcomp Info: Setting lmtt sub-encoding to TS1/0 on input line 384.
Package textcomp Info: Setting qhv sub-encoding to TS1/0 on input line 385.
Package textcomp Info: Setting qag sub-encoding to TS1/0 on input line 386.
Package textcomp Info: Setting qbk sub-encoding to TS1/0 on input line 387.
Package textcomp Info: Setting qcr sub-encoding to TS1/0 on input line 388.
Package textcomp Info: Setting qcs sub-encoding to TS1/0 on input line 389.
Package textcomp Info: Setting qpl sub-encoding to TS1/0 on input line 390.
Package textcomp Info: Setting qtm sub-encoding to TS1/0 on input line 391.
Package textcomp Info: Setting qzc sub-encoding to TS1/0 on input line 392.
Package textcomp Info: Setting qhvc sub-encoding to TS1/0 on input line 393.
Package textcomp Info: Setting futs sub-encoding to TS1/4 on input line 394.
Package textcomp Info: Setting futx sub-encoding to TS1/4 on input line 395.
Package textcomp Info: Setting futj sub-encoding to TS1/4 on input line 396.
Package textcomp Info: Setting hlh sub-encoding to TS1/3 on input line 397.
Package textcomp Info: Setting hls sub-encoding to TS1/3 on input line 398.
Package textcomp Info: Setting hlst sub-encoding to TS1/3 on input line 399.
Package textcomp Info: Setting hlct sub-encoding to TS1/5 on input line 400.
Package textcomp Info: Setting hlx sub-encoding to TS1/5 on input line 401.
Package textcomp Info: Setting hlce sub-encoding to TS1/5 on input line 402.
Package textcomp Info: Setting hlcn sub-encoding to TS1/5 on input line 403.
Package textcomp Info: Setting hlcw sub-encoding to TS1/5 on input line 404.
Package textcomp Info: Setting hlcf sub-encoding to TS1/5 on input line 405.
Package textcomp Info: Setting pplx sub-encoding to TS1/3 on input line 406.
Package textcomp Info: Setting pplj sub-encoding to TS1/3 on input line 407.
Package textcomp Info: Setting ptmx sub-encoding to TS1/4 on input line 408.
Package textcomp Info: Setting ptmj sub-encoding to TS1/4 on input line 409.
)
\ldescriptionwidth=\skip59
)
(/usr/share/texlive/texmf-dist/tex/latex/upquote/upquote.sty
Package: upquote 2012/04/19 v1.3 upright-quote and grave-accent glyphs in verba
tim
)
(./trajeR_vignette.aux)
\openout1 = `trajeR_vignette.aux'.

LaTeX Font Info:    Checking defaults for OML/cmm/m/it on input line 79.
LaTeX Font Info:    ... okay on input line 79.
LaTeX Font Info:    Checking defaults for T1/cmr/m/n on input line 79.
LaTeX Font Info:    ... okay on input line 79.
LaTeX Font Info:    Checking defaults for OT1/cmr/m/n on input line 79.
LaTeX Font Info:    ... okay on input line 79.
LaTeX Font Info:    Checking defaults for OMS/cmsy/m/n on input line 79.
LaTeX Font Info:    ... okay on input line 79.
LaTeX Font Info:    Checking defaults for OMX/cmex/m/n on input line 79.
LaTeX Font Info:    ... okay on input line 79.
LaTeX Font Info:    Checking defaults for U/cmr/m/n on input line 79.
LaTeX Font Info:    ... okay on input line 79.
LaTeX Font Info:    Checking defaults for TS1/cmr/m/n on input line 79.
LaTeX Font Info:    Try loading font information for TS1+cmr on input line 79.
 (/usr/share/texlive/texmf-dist/tex/latex/base/ts1cmr.fd
File: ts1cmr.fd 2014/09/29 v2.5h Standard LaTeX font definitions
)
LaTeX Font Info:    ... okay on input line 79.
 (/usr/share/texlive/texmf-dist/tex/context/base/mkii/supp-pdf.mkii
[Loading MPS to PDF converter (version 2006.09.02).]
\scratchcounter=\count122
\scratchdimen=\dimen153
\scratchbox=\box47
\nofMPsegments=\count123
\nofMParguments=\count124
\everyMPshowfont=\toks34
\MPscratchCnt=\count125
\MPscratchDim=\dimen154
\MPnumerator=\count126
\makeMPintoPDFobject=\count127
\everyMPtoPDFconversion=\toks35
) (/usr/share/texlive/texmf-dist/tex/latex/oberdiek/epstopdf-base.sty
Package: epstopdf-base 2016/05/15 v2.6 Base part for package epstopdf

(/usr/share/texlive/texmf-dist/tex/generic/oberdiek/infwarerr.sty
Package: infwarerr 2016/05/16 v1.4 Providing info/warning/error messages (HO)
)
(/usr/share/texlive/texmf-dist/tex/latex/oberdiek/grfext.sty
Package: grfext 2016/05/16 v1.2 Manage graphics extensions (HO)

(/usr/share/texlive/texmf-dist/tex/generic/oberdiek/kvdefinekeys.sty
Package: kvdefinekeys 2016/05/16 v1.4 Define keys (HO)

(/usr/share/texlive/texmf-dist/tex/generic/oberdiek/ltxcmds.sty
Package: ltxcmds 2016/05/16 v1.23 LaTeX kernel commands for general use (HO)
)))
(/usr/share/texlive/texmf-dist/tex/latex/oberdiek/kvoptions.sty
Package: kvoptions 2016/05/16 v3.12 Key value format for package options (HO)

(/usr/share/texlive/texmf-dist/tex/generic/oberdiek/kvsetkeys.sty
Package: kvsetkeys 2016/05/16 v1.17 Key value parser (HO)

(/usr/share/texlive/texmf-dist/tex/generic/oberdiek/etexcmds.sty
Package: etexcmds 2016/05/16 v1.6 Avoid name clashes with e-TeX commands (HO)

(/usr/share/texlive/texmf-dist/tex/generic/oberdiek/ifluatex.sty
Package: ifluatex 2016/05/16 v1.4 Provides the ifluatex switch (HO)
Package ifluatex Info: LuaTeX not detected.
))))
(/usr/share/texlive/texmf-dist/tex/generic/oberdiek/pdftexcmds.sty
Package: pdftexcmds 2018/09/10 v0.29 Utility functions of pdfTeX for LuaTeX (HO
)
Package pdftexcmds Info: LuaTeX not detected.
Package pdftexcmds Info: \pdf@primitive is available.
Package pdftexcmds Info: \pdf@ifprimitive is available.
Package pdftexcmds Info: \pdfdraftmode found.
)
Package epstopdf-base Info: Redefining graphics rule for `.eps' on input line 4
38.
Package grfext Info: Graphics extension search list:
(grfext)             [.pdf,.png,.jpg,.mps,.jpeg,.jbig2,.jb2,.PDF,.PNG,.JPG,.JPE
G,.JBIG2,.JB2,.eps]
(grfext)             \AppendGraphicsExtensions on input line 456.

(/usr/share/texlive/texmf-dist/tex/latex/latexconfig/epstopdf-sys.cfg
File: epstopdf-sys.cfg 2010/07/13 v1.3 Configuration of (r)epstopdf for TeX Liv
e
))
</mnt/Travail/These/logo/logo5.png, id=1, 216.05719pt x 219.06844pt>
File: /mnt/Travail/These/logo/logo5.png Graphic file (type png)
<use /mnt/Travail/These/logo/logo5.png>
Package pdftex.def Info: /mnt/Travail/These/logo/logo5.png  used on input line 
80.
(pdftex.def)             Requested size: 86.42133pt x 87.62581pt.

(./trajeR_vignette.toc [1

{/var/lib/texmf/fonts/map/pdftex/updmap/pdftex.map} </mnt/Travail/These/logo/lo
go5.png>])
\tf@toc=\write3
\openout3 = `trajeR_vignette.toc'.

 [2]
Underfull \hbox (badness 10000) in paragraph at lines 87--88

 []


Underfull \hbox (badness 10000) in paragraph at lines 89--90

 []

Package color Info: Redefining color shadecolor on input line 97.
LaTeX Font Info:    Font shape `OT1/cmtt/bx/n' in size <10> not available
(Font)              Font shape `OT1/cmtt/m/n' tried instead on input line 99.
Package color Info: Redefining color shadecolor on input line 107.

Overfull \hbox (2.24942pt too wide) in paragraph at lines 137--139
[]\OT1/cmr/m/n/10 the model used. The value are LOGIT for a Logit Mix-ture mode
l, CNORM
 []

[3] [4]
Overfull \hbox (7.36307pt too wide) in paragraph at lines 213--216
\OT1/cmr/m/n/10 where $\OML/cmm/m/it/10 ^^O[] \OMS/cmsy/m/n/10 ^^X N []$\OT1/cm
r/m/n/10 , $\OML/cmm/m/it/10 A[] \OT1/cmr/m/n/10 = (1\OML/cmm/m/it/10 ; a[]; a[
]; []  ; a[]\OT1/cmr/m/n/10 )[]$, $\OML/cmm/m/it/10 W[] \OT1/cmr/m/n/10 = (\OML
/cmm/m/it/10 w[]; []  ; w[]\OT1/cmr/m/n/10 )[]$, $\OML/cmm/m/it/10 ^^L[] \OT1/c
mr/m/n/10 = (\OML/cmm/m/it/10 ^^L[]; []  ; ^^L[]\OT1/cmr/m/n/10 )$
 []


Underfull \hbox (badness 10000) in paragraph at lines 213--216

 []

Package color Info: Redefining color shadecolor on input line 249.
<figure/unnamed-chunk-4-1.pdf, id=25, 505.89pt x 397.485pt>
File: figure/unnamed-chunk-4-1.pdf Graphic file (type pdf)
<use figure/unnamed-chunk-4-1.pdf>
Package pdftex.def Info: figure/unnamed-chunk-4-1.pdf  used on input line 250.
(pdftex.def)             Requested size: 413.2866pt x 324.73285pt.

Overfull \hbox (15.0pt too wide) in paragraph at lines 250--251
[][] 
 []

[5]
Underfull \hbox (badness 10000) in paragraph at lines 253--256

 []

Package color Info: Redefining color shadecolor on input line 260.
Package color Info: Redefining color shadecolor on input line 270.

Overfull \hbox (22.4596pt too wide) in paragraph at lines 275--275
[]\OT1/cmtt/m/n/10 ## Call TrajeR with 3 groups and a 0,3,4 degrees of polynomi
al shape of trajectory.[] 
 []

[6 <./figure/unnamed-chunk-4-1.pdf>]
Package color Info: Redefining color shadecolor on input line 306.
Package color Info: Redefining color shadecolor on input line 323.

Overfull \hbox (22.4596pt too wide) in paragraph at lines 328--328
[]\OT1/cmtt/m/n/10 ## Call TrajeR with 3 groups and a 0,3,4 degrees of polynomi
al shape of trajectory.[] 
 []


Overfull \hbox (22.4596pt too wide) in paragraph at lines 358--358
[]\OT1/cmtt/m/n/10 ## Call TrajeR with 3 groups and a 0,3,4 degrees of polynomi
al shape of trajectory.[] 
 []

[7]
Package color Info: Redefining color shadecolor on input line 389.
 [8]
Package color Info: Redefining color shadecolor on input line 399.

Overfull \hbox (22.4596pt too wide) in paragraph at lines 404--404
[]\OT1/cmtt/m/n/10 ## Call TrajeR with 3 groups and a 0,3,4 degrees of polynomi
al shape of trajectory.[] 
 []

Package color Info: Redefining color shadecolor on input line 442.
[9]
<figure/unnamed-chunk-11-1.pdf, id=55, 505.89pt x 397.485pt>
File: figure/unnamed-chunk-11-1.pdf Graphic file (type pdf)
<use figure/unnamed-chunk-11-1.pdf>
Package pdftex.def Info: figure/unnamed-chunk-11-1.pdf  used on input line 447.

(pdftex.def)             Requested size: 413.2866pt x 324.73285pt.

Overfull \hbox (15.0pt too wide) in paragraph at lines 447--448
[][] 
 []


Underfull \hbox (badness 10000) in paragraph at lines 450--453

 []

Package color Info: Redefining color shadecolor on input line 457.
[10 <./figure/unnamed-chunk-11-1.pdf>]
<figure/unnamed-chunk-12-1.pdf, id=65, 505.89pt x 397.485pt>
File: figure/unnamed-chunk-12-1.pdf Graphic file (type pdf)
<use figure/unnamed-chunk-12-1.pdf>
Package pdftex.def Info: figure/unnamed-chunk-12-1.pdf  used on input line 474.

(pdftex.def)             Requested size: 413.2866pt x 324.73285pt.

Overfull \hbox (15.0pt too wide) in paragraph at lines 474--475
[][] 
 []


Underfull \hbox (badness 10000) in paragraph at lines 477--478

 []

Package color Info: Redefining color shadecolor on input line 481.
<figure/unnamed-chunk-13-1.pdf, id=66, 505.89pt x 397.485pt>
File: figure/unnamed-chunk-13-1.pdf Graphic file (type pdf)
<use figure/unnamed-chunk-13-1.pdf>
Package pdftex.def Info: figure/unnamed-chunk-13-1.pdf  used on input line 499.

(pdftex.def)             Requested size: 413.2866pt x 324.73285pt.

Overfull \hbox (15.0pt too wide) in paragraph at lines 499--500
[][] 
 []

[11 <./figure/unnamed-chunk-12-1.pdf>]
Package color Info: Redefining color shadecolor on input line 506.
Package color Info: Redefining color shadecolor on input line 524.

Overfull \hbox (22.4596pt too wide) in paragraph at lines 529--529
[]\OT1/cmtt/m/n/10 ## Call TrajeR with 3 groups and a 0,3,4 degrees of polynomi
al shape of trajectory.[] 
 []


Overfull \hbox (22.4596pt too wide) in paragraph at lines 562--562
[]\OT1/cmtt/m/n/10 ## Call TrajeR with 3 groups and a 0,3,4 degrees of polynomi
al shape of trajectory.[] 
 []


Overfull \hbox (22.4596pt too wide) in paragraph at lines 595--595
[]\OT1/cmtt/m/n/10 ## Call TrajeR with 3 groups and a 0,3,4 degrees of polynomi
al shape of trajectory.[] 
 []

[12 <./figure/unnamed-chunk-13-1.pdf>] [13]
Package color Info: Redefining color shadecolor on input line 627.
<figure/unnamed-chunk-16-1.pdf, id=99, 505.89pt x 397.485pt>
File: figure/unnamed-chunk-16-1.pdf Graphic file (type pdf)
<use figure/unnamed-chunk-16-1.pdf>
Package pdftex.def Info: figure/unnamed-chunk-16-1.pdf  used on input line 632.

(pdftex.def)             Requested size: 413.2866pt x 324.73285pt.

Overfull \hbox (15.0pt too wide) in paragraph at lines 632--633
[][] 
 []

[14]
Package color Info: Redefining color shadecolor on input line 639.
<figure/unnamed-chunk-17-1.pdf, id=103, 505.89pt x 397.485pt>
File: figure/unnamed-chunk-17-1.pdf Graphic file (type pdf)
<use figure/unnamed-chunk-17-1.pdf>
Package pdftex.def Info: figure/unnamed-chunk-17-1.pdf  used on input line 644.

(pdftex.def)             Requested size: 413.2866pt x 324.73285pt.

Overfull \hbox (15.0pt too wide) in paragraph at lines 644--645
[][] 
 []

[15 <./figure/unnamed-chunk-16-1.pdf>]
Overfull \hbox (2.80168pt too wide) in paragraph at lines 658--661
\OT1/cmr/m/n/10 where $\OML/cmm/m/it/10 ^^O[] \OMS/cmsy/m/n/10 ^^X N []$\OT1/cm
r/m/n/10 , $\OML/cmm/m/it/10 A[] \OT1/cmr/m/n/10 = (1\OML/cmm/m/it/10 ; a[]; a[
]; []  ; a[]\OT1/cmr/m/n/10 )[]$, $\OML/cmm/m/it/10 W[] \OT1/cmr/m/n/10 = (\OML
/cmm/m/it/10 w[]; []  ; w[]\OT1/cmr/m/n/10 )[]$, $\OML/cmm/m/it/10 ^^L[] \OT1/c
mr/m/n/10 = (\OML/cmm/m/it/10 ^^L[]; []  ; ^^L[]\OT1/cmr/m/n/10 )$
 []

[16 <./figure/unnamed-chunk-17-1.pdf>]
Package color Info: Redefining color shadecolor on input line 706.
<figure/unnamed-chunk-19-1.pdf, id=122, 505.89pt x 397.485pt>
File: figure/unnamed-chunk-19-1.pdf Graphic file (type pdf)
<use figure/unnamed-chunk-19-1.pdf>
Package pdftex.def Info: figure/unnamed-chunk-19-1.pdf  used on input line 707.

(pdftex.def)             Requested size: 413.2866pt x 324.73285pt.

Overfull \hbox (15.0pt too wide) in paragraph at lines 707--708
[][] 
 []

[17]
Underfull \hbox (badness 10000) in paragraph at lines 710--712

 []

Package color Info: Redefining color shadecolor on input line 716.
Package color Info: Redefining color shadecolor on input line 727.

Overfull \hbox (22.4596pt too wide) in paragraph at lines 732--732
[]\OT1/cmtt/m/n/10 ## Call TrajeR with 3 groups and a 0,3,4 degrees of polynomi
al shape of trajectory.[] 
 []

[18 <./figure/unnamed-chunk-19-1.pdf>]
Package color Info: Redefining color shadecolor on input line 766.
Package color Info: Redefining color shadecolor on input line 777.

Overfull \hbox (22.4596pt too wide) in paragraph at lines 782--782
[]\OT1/cmtt/m/n/10 ## Call TrajeR with 3 groups and a 0,3,4 degrees of polynomi
al shape of trajectory.[] 
 []

[19]
Package color Info: Redefining color shadecolor on input line 816.
 [20]
Package color Info: Redefining color shadecolor on input line 876.
<figure/unnamed-chunk-27-1.pdf, id=143, 505.89pt x 397.485pt>
File: figure/unnamed-chunk-27-1.pdf Graphic file (type pdf)
<use figure/unnamed-chunk-27-1.pdf>
Package pdftex.def Info: figure/unnamed-chunk-27-1.pdf  used on input line 881.

(pdftex.def)             Requested size: 413.2866pt x 324.73285pt.

Overfull \hbox (15.0pt too wide) in paragraph at lines 881--882
[][] 
 []

[21]
Package color Info: Redefining color shadecolor on input line 888.
<figure/unnamed-chunk-28-1.pdf, id=147, 505.89pt x 397.485pt>
File: figure/unnamed-chunk-28-1.pdf Graphic file (type pdf)
<use figure/unnamed-chunk-28-1.pdf>
Package pdftex.def Info: figure/unnamed-chunk-28-1.pdf  used on input line 905.

(pdftex.def)             Requested size: 413.2866pt x 324.73285pt.

Overfull \hbox (15.0pt too wide) in paragraph at lines 905--906
[][] 
 []

[22 <./figure/unnamed-chunk-27-1.pdf>]
Underfull \hbox (badness 10000) in paragraph at lines 910--911

 []

Package color Info: Redefining color shadecolor on input line 914.
Package color Info: Redefining color shadecolor on input line 924.

Overfull \hbox (22.4596pt too wide) in paragraph at lines 929--929
[]\OT1/cmtt/m/n/10 ## Call TrajeR with 3 groups and a 0,3,4 degrees of polynomi
al shape of trajectory.[] 
 []

[23 <./figure/unnamed-chunk-28-1.pdf>] [24]
Package color Info: Redefining color shadecolor on input line 1014.
Package color Info: Redefining color shadecolor on input line 1024.

Overfull \hbox (22.4596pt too wide) in paragraph at lines 1029--1029
[]\OT1/cmtt/m/n/10 ## Call TrajeR with 3 groups and a 0,3,4 degrees of polynomi
al shape of trajectory.[] 
 []

[25]
Package color Info: Redefining color shadecolor on input line 1069.

Overfull \hbox (64.45923pt too wide) in paragraph at lines 1071--1071
[][]\OT1/cmtt/m/n/10 solLTCOV2s[] []=[] []trajeR[][](data[,[][]2[][]:[][]11[][]
], data[,[][]12[][]:[][]21[][]],[] []TCOV[] []= data[,[][]22[][]:[][]41[][]],[]
 []ng[] []=[] []3[][],[] []degre[][]=[][]c[][]([][]0[][],[][]3[][],[][]4[][]),[
][] 
 []


Overfull \hbox (64.45923pt too wide) in paragraph at lines 1074--1074
[][]\OT1/cmtt/m/n/10 solEMTCOV2[] []=[] []trajeR[][](data[,[][]2[][]:[][]11[][]
], data[,[][]12[][]:[][]21[][]],[] []TCOV[] []= data[,[][]22[][]:[][]41[][]],[]
 []ng[] []=[] []3[][],[] []degre[][]=[][]c[][]([][]0[][],[][]3[][],[][]4[][]),[
][] 
 []


Overfull \hbox (69.70918pt too wide) in paragraph at lines 1077--1077
[][]\OT1/cmtt/m/n/10 solEMTCOV2s[] []=[] []trajeR[][](data[,[][]2[][]:[][]11[][
]], data[,[][]12[][]:[][]21[][]],[] []TCOV[] []= data[,[][]22[][]:[][]41[][]],[
] []ng[] []=[] []3[][],[] []degre[][]=[][]c[][]([][]0[][],[][]3[][],[][]4[][]),
[][] 
 []

[26]
Package color Info: Redefining color shadecolor on input line 1142.

Overfull \vbox (1.27065pt too high) detected at line 1150
 []

[27]
Package color Info: Redefining color shadecolor on input line 1153.

Overfull \hbox (22.4596pt too wide) in paragraph at lines 1158--1158
[]\OT1/cmtt/m/n/10 ## Call TrajeR with 3 groups and a 0,3,4 degrees of polynomi
al shape of trajectory.[] 
 []

<figure/unnamed-chunk-39-1.pdf, id=182, 505.89pt x 397.485pt>
File: figure/unnamed-chunk-39-1.pdf Graphic file (type pdf)
<use figure/unnamed-chunk-39-1.pdf>
Package pdftex.def Info: figure/unnamed-chunk-39-1.pdf  used on input line 1192
.
(pdftex.def)             Requested size: 413.2866pt x 324.73285pt.

Overfull \hbox (15.0pt too wide) in paragraph at lines 1192--1193
[][] 
 []

[28] [29 <./figure/unnamed-chunk-39-1.pdf>]
Package color Info: Redefining color shadecolor on input line 1236.

Overfull \hbox (22.4596pt too wide) in paragraph at lines 1240--1240
[][]\OT1/cmtt/m/n/10 plot[][](solLnC,[] []Y[] []= dataC[,[][]2[][]:[][]11[][]],
[] []A[] []= dataC[,[][]12[][]:[][]21[][]],[] []col[] []= vcol,[] []main[][]=[]
[]"Not Censored"[] [])[][] 
 []

<figure/generate_figures-1.pdf, id=198, 722.7pt x 361.35pt>
File: figure/generate_figures-1.pdf Graphic file (type pdf)
<use figure/generate_figures-1.pdf>
Package pdftex.def Info: figure/generate_figures-1.pdf  used on input line 1244
.
(pdftex.def)             Requested size: 578.16078pt x 289.0804pt.
Package color Info: Redefining color shadecolor on input line 1247.

Overfull \hbox (80.28954pt too wide) in paragraph at lines 1244--1247
[]| []
 []

[30] [31 <./figure/generate_figures-1.pdf>]
Package color Info: Redefining color shadecolor on input line 1310.

Overfull \hbox (1.45978pt too wide) in paragraph at lines 1327--1327
[][]\OT1/cmtt/m/n/10 solEMCTCOVs[] []=[] []trajeR[][]([][]Y[] []= dataC[,[][]2[
][]:[][]11[][]],[] []A[] []= dataC[,[][]12[][]:[][]21[][]],[] []TCOV[] []= data
C[,[][]22[][]:[][]31[][]],[][] 
 []

[32]
Underfull \hbox (badness 10000) in paragraph at lines 1386--1387

 []

[33]
Package color Info: Redefining color shadecolor on input line 1432.
<figure/unnamed-chunk-49-1.pdf, id=223, 505.89pt x 397.485pt>
File: figure/unnamed-chunk-49-1.pdf Graphic file (type pdf)
<use figure/unnamed-chunk-49-1.pdf>
Package pdftex.def Info: figure/unnamed-chunk-49-1.pdf  used on input line 1433
.
(pdftex.def)             Requested size: 413.2866pt x 324.73285pt.

Overfull \hbox (15.0pt too wide) in paragraph at lines 1433--1434
[][] 
 []

[34]
Underfull \hbox (badness 10000) in paragraph at lines 1436--1440

 []

Package color Info: Redefining color shadecolor on input line 1443.
Package color Info: Redefining color shadecolor on input line 1453.

Overfull \hbox (11.95969pt too wide) in paragraph at lines 1458--1458
[]\OT1/cmtt/m/n/10 ## Call TrajeR with 2 groups and a 2,2 degrees of polynomial
 shape of trajectory.[] 
 []

[35 <./figure/unnamed-chunk-49-1.pdf>]
Package color Info: Redefining color shadecolor on input line 1486.
 [36]
Package color Info: Redefining color shadecolor on input line 1540.
<figure/unnamed-chunk-55-1.pdf, id=239, 505.89pt x 397.485pt>
File: figure/unnamed-chunk-55-1.pdf Graphic file (type pdf)
<use figure/unnamed-chunk-55-1.pdf>
Package pdftex.def Info: figure/unnamed-chunk-55-1.pdf  used on input line 1545
.
(pdftex.def)             Requested size: 413.2866pt x 324.73285pt.

Overfull \hbox (15.0pt too wide) in paragraph at lines 1545--1546
[][] 
 []

[37]
Package color Info: Redefining color shadecolor on input line 1552.
<figure/unnamed-chunk-56-1.pdf, id=244, 505.89pt x 397.485pt>
File: figure/unnamed-chunk-56-1.pdf Graphic file (type pdf)
<use figure/unnamed-chunk-56-1.pdf>
Package pdftex.def Info: figure/unnamed-chunk-56-1.pdf  used on input line 1567
.
(pdftex.def)             Requested size: 413.2866pt x 324.73285pt.

Overfull \hbox (15.0pt too wide) in paragraph at lines 1567--1568
[][] 
 []

[38 <./figure/unnamed-chunk-55-1.pdf>]
Underfull \hbox (badness 10000) in paragraph at lines 1572--1573

 []

Package color Info: Redefining color shadecolor on input line 1576.
Package color Info: Redefining color shadecolor on input line 1585.

Overfull \hbox (11.95969pt too wide) in paragraph at lines 1590--1590
[]\OT1/cmtt/m/n/10 ## Call TrajeR with 2 groups and a 2,2 degrees of polynomial
 shape of trajectory.[] 
 []

[39 <./figure/unnamed-chunk-56-1.pdf>]
Package color Info: Redefining color shadecolor on input line 1620.
 [40]
Package color Info: Redefining color shadecolor on input line 1675.
Package color Info: Redefining color shadecolor on input line 1684.

Overfull \hbox (11.95969pt too wide) in paragraph at lines 1689--1689
[]\OT1/cmtt/m/n/10 ## Call TrajeR with 2 groups and a 2,2 degrees of polynomial
 shape of trajectory.[] 
 []

[41]
Package color Info: Redefining color shadecolor on input line 1719.
Package color Info: Redefining color shadecolor on input line 1772.
<figure/unnamed-chunk-67-1.pdf, id=273, 505.89pt x 397.485pt>
File: figure/unnamed-chunk-67-1.pdf Graphic file (type pdf)
<use figure/unnamed-chunk-67-1.pdf>
Package pdftex.def Info: figure/unnamed-chunk-67-1.pdf  used on input line 1773
.
(pdftex.def)             Requested size: 413.2866pt x 324.73285pt.

Overfull \hbox (15.0pt too wide) in paragraph at lines 1773--1774
[][] 
 []

[42]
Underfull \hbox (badness 10000) in paragraph at lines 1782--1784

 []

[43 <./figure/unnamed-chunk-67-1.pdf>]
Package color Info: Redefining color shadecolor on input line 1824.
<figure/unnamed-chunk-69-1.pdf, id=293, 505.89pt x 397.485pt>
File: figure/unnamed-chunk-69-1.pdf Graphic file (type pdf)
<use figure/unnamed-chunk-69-1.pdf>
Package pdftex.def Info: figure/unnamed-chunk-69-1.pdf  used on input line 1825
.
(pdftex.def)             Requested size: 413.2866pt x 324.73285pt.

Overfull \hbox (15.0pt too wide) in paragraph at lines 1825--1826
[][] 
 []


Underfull \hbox (badness 10000) in paragraph at lines 1828--1831

 []

[44 <./figure/unnamed-chunk-69-1.pdf>]
Package color Info: Redefining color shadecolor on input line 1834.
Package color Info: Redefining color shadecolor on input line 1842.
LaTeX Font Info:    Try loading font information for OMS+cmtt on input line 184
5.

(/usr/share/R/share/texmf/tex/latex/omscmtt.fd
File: omscmtt.fd 
)
LaTeX Font Info:    Font shape `OMS/cmtt/m/n' in size <10> not available
(Font)              Font shape `OMS/cmsy/m/n' tried instead on input line 1845.

Package color Info: Redefining color shadecolor on input line 1862.
Package color Info: Redefining color shadecolor on input line 1872.

Overfull \hbox (32.9595pt too wide) in paragraph at lines 1877--1877
[]\OT1/cmtt/m/n/10 ## Call TrajeR with 4 groups and a 1,1,1,1 degrees of polyno
mial shape of trajectory.[] 
 []

[45]
Package color Info: Redefining color shadecolor on input line 1953.
 [46]
<figure/unnamed-chunk-75-1.pdf, id=313, 505.89pt x 397.485pt>
File: figure/unnamed-chunk-75-1.pdf Graphic file (type pdf)
<use figure/unnamed-chunk-75-1.pdf>
Package pdftex.def Info: figure/unnamed-chunk-75-1.pdf  used on input line 1970
.
(pdftex.def)             Requested size: 413.2866pt x 324.73285pt.

Overfull \hbox (15.0pt too wide) in paragraph at lines 1970--1971
[][] 
 []

Package color Info: Redefining color shadecolor on input line 1975.
<figure/unnamed-chunk-76-1.pdf, id=314, 505.89pt x 397.485pt>
File: figure/unnamed-chunk-76-1.pdf Graphic file (type pdf)
<use figure/unnamed-chunk-76-1.pdf>
Package pdftex.def Info: figure/unnamed-chunk-76-1.pdf  used on input line 1980
.
(pdftex.def)             Requested size: 413.2866pt x 324.73285pt.

Overfull \hbox (15.0pt too wide) in paragraph at lines 1980--1981
[][] 
 []

[47 <./figure/unnamed-chunk-75-1.pdf>]
Underfull \hbox (badness 10000) in paragraph at lines 1986--1987

 []

Package color Info: Redefining color shadecolor on input line 1991.
[48 <./figure/unnamed-chunk-76-1.pdf>]
Package color Info: Redefining color shadecolor on input line 2017.
Package color Info: Redefining color shadecolor on input line 2035.

Underfull \hbox (badness 10000) in paragraph at lines 2055--2056

 []


Underfull \hbox (badness 10000) in paragraph at lines 2057--2058

 []

Package color Info: Redefining color shadecolor on input line 2062.
[49]
Underfull \hbox (badness 10000) in paragraph at lines 2072--2073

 []


Underfull \hbox (badness 10000) in paragraph at lines 2074--2075

 []

Package color Info: Redefining color shadecolor on input line 2079.

Underfull \hbox (badness 10000) in paragraph at lines 2088--2089

 []


Underfull \hbox (badness 10000) in paragraph at lines 2091--2092

 []

Package color Info: Redefining color shadecolor on input line 2096.
Package color Info: Redefining color shadecolor on input line 2109.

Underfull \hbox (badness 10000) in paragraph at lines 2118--2119

 []


Underfull \hbox (badness 10000) in paragraph at lines 2120--2121

 []

Package color Info: Redefining color shadecolor on input line 2124.

Underfull \hbox (badness 10000) in paragraph at lines 2136--2137

 []

[50]
Package color Info: Redefining color shadecolor on input line 2140.
 [51] (./trajeR_vignette.aux) ) 
Here is how much of TeX's memory you used:
 4847 strings out of 492615
 68078 string characters out of 6131390
 167750 words of memory out of 5000000
 8590 multiletter control sequences out of 15000+600000
 15063 words of font info for 54 fonts, out of 8000000 for 9000
 1141 hyphenation exceptions out of 8191
 41i,18n,25p,461b,288s stack positions out of 5000i,500n,10000p,200000b,80000s
{/usr/share/texmf/fonts/enc/dvips/cm-super/cm-su
per-ts1.enc}</usr/share/texlive/texmf-dist/fonts/type1/public/amsfonts/cm/cmbx1
0.pfb></usr/share/texlive/texmf-dist/fonts/type1/public/amsfonts/cm/cmbx12.pfb>
</usr/share/texlive/texmf-dist/fonts/type1/public/amsfonts/cm/cmex10.pfb></usr/
share/texlive/texmf-dist/fonts/type1/public/amsfonts/cm/cmitt10.pfb></usr/share
/texlive/texmf-dist/fonts/type1/public/amsfonts/cm/cmmi10.pfb></usr/share/texli
ve/texmf-dist/fonts/type1/public/amsfonts/cm/cmmi5.pfb></usr/share/texlive/texm
f-dist/fonts/type1/public/amsfonts/cm/cmmi7.pfb></usr/share/texlive/texmf-dist/
fonts/type1/public/amsfonts/cm/cmr10.pfb></usr/share/texlive/texmf-dist/fonts/t
ype1/public/amsfonts/cm/cmr12.pfb></usr/share/texlive/texmf-dist/fonts/type1/pu
blic/amsfonts/cm/cmr17.pfb></usr/share/texlive/texmf-dist/fonts/type1/public/am
sfonts/cm/cmr6.pfb></usr/share/texlive/texmf-dist/fonts/type1/public/amsfonts/c
m/cmr7.pfb></usr/share/texlive/texmf-dist/fonts/type1/public/amsfonts/cm/cmr8.p
fb></usr/share/texlive/texmf-dist/fonts/type1/public/amsfonts/cm/cmsy10.pfb></u
sr/share/texlive/texmf-dist/fonts/type1/public/amsfonts/cm/cmsy5.pfb></usr/shar
e/texlive/texmf-dist/fonts/type1/public/amsfonts/cm/cmsy7.pfb></usr/share/texli
ve/texmf-dist/fonts/type1/public/amsfonts/cm/cmti8.pfb></usr/share/texlive/texm
f-dist/fonts/type1/public/amsfonts/cm/cmtt10.pfb></usr/share/texmf/fonts/type1/
public/cm-super/sfrm1000.pfb>
Output written on trajeR_vignette.pdf (51 pages, 4007241 bytes).
PDF statistics:
 415 PDF objects out of 1000 (max. 8388607)
 301 compressed objects within 4 object streams
 0 named destinations out of 1000 (max. 500000)
 96 words of extra memory for PDF output out of 10000 (max. 10000000)

